<?xml version="1.0" encoding="UTF-8"?>
<!-- Generated by org.testng.reporters.JUnitReportReporter -->
<testsuite hostname="Sanjib" failures="0" tests="1" name="testcases.Testscripts" time="0.034" errors="0" timestamp="2020-12-11T16:58:49 IST" skipped="0">
  <testcase classname="testcases.Testscripts" name="readpropertyTest" time="0.034"/>
  <system-out/>
</testsuite> <!-- testcases.Testscripts -->
